This is XeTeX, Version 3.141592653-2.6-0.999995 (TeX Live 2023) (preloaded format=xelatex 2024.1.13)  27 JAN 2026 16:18
entering extended mode
 restricted \write18 enabled.
 file:line:error style messages enabled.
 %&-line parsing enabled.
**main
(./main.tex
LaTeX2e <2022-11-01> patch level 1
L3 programming layer <2023-02-22> (./setup/type.tex) (e:/texlive/2023/texmf-dist/tex/latex/base/book.cls
Document Class: book 2022/07/02 v1.4n Standard LaTeX document class
(e:/texlive/2023/texmf-dist/tex/latex/base/bk12.clo
File: bk12.clo 2022/07/02 v1.4n Standard LaTeX file (size option)
)
\c@part=\count181
\c@chapter=\count182
\c@section=\count183
\c@subsection=\count184
\c@subsubsection=\count185
\c@paragraph=\count186
\c@subparagraph=\count187
\c@figure=\count188
\c@table=\count189
\abovecaptionskip=\skip48
\belowcaptionskip=\skip49
\bibindent=\dimen140
) (./setup/package.tex (e:/texlive/2023/texmf-dist/tex/latex/etex-pkg/etex.sty
Package: etex 2016/08/01 v2.7 eTeX basic definition package (PEB,DPC)
\et@xins=\count190
) (e:/texlive/2023/texmf-dist/tex/generic/iftex/ifpdf.sty
Package: ifpdf 2019/10/25 v3.4 ifpdf legacy package. Use iftex instead.
 (e:/texlive/2023/texmf-dist/tex/generic/iftex/iftex.sty
Package: iftex 2022/02/03 v1.0f TeX engine tests
)) (e:/texlive/2023/texmf-dist/tex/latex/graphics/graphicx.sty
Package: graphicx 2021/09/16 v1.2d Enhanced LaTeX Graphics (DPC,SPQR)
 (e:/texlive/2023/texmf-dist/tex/latex/graphics/keyval.sty
Package: keyval 2022/05/29 v1.15 key=value parser (DPC)
\KV@toks@=\toks16
) (e:/texlive/2023/texmf-dist/tex/latex/graphics/graphics.sty
Package: graphics 2022/03/10 v1.4e Standard LaTeX Graphics (DPC,SPQR)
 (e:/texlive/2023/texmf-dist/tex/latex/graphics/trig.sty
Package: trig 2021/08/11 v1.11 sin cos tan (DPC)
) (e:/texlive/2023/texmf-dist/tex/latex/graphics-cfg/graphics.cfg
File: graphics.cfg 2016/06/04 v1.11 sample graphics configuration
)
Package graphics Info: Driver file: dvipdfmx.def on input line 107.
 (e:/texlive/2023/texmf-dist/tex/latex/graphics-def/dvipdfmx.def
File: dvipdfmx.def 2022/09/22 v5.0m Graphics/color driver for dvipdfmx
))
\Gin@req@height=\dimen141
\Gin@req@width=\dimen142
) (e:/texlive/2023/texmf-dist/tex/latex/geometry/geometry.sty
Package: geometry 2020/01/02 v5.9 Page Geometry
 (e:/texlive/2023/texmf-dist/tex/generic/iftex/ifvtex.sty
Package: ifvtex 2019/10/25 v1.7 ifvtex legacy package. Use iftex instead.
)
\Gm@cnth=\count191
\Gm@cntv=\count192
\c@Gm@tempcnt=\count193
\Gm@bindingoffset=\dimen143
\Gm@wd@mp=\dimen144
\Gm@odd@mp=\dimen145
\Gm@even@mp=\dimen146
\Gm@layoutwidth=\dimen147
\Gm@layoutheight=\dimen148
\Gm@layouthoffset=\dimen149
\Gm@layoutvoffset=\dimen150
\Gm@dimlist=\toks17
) (e:/texlive/2023/texmf-dist/tex/latex/layouts/layouts.sty
Package: layouts 2009/09/02 v2.6d graphical depiction of document elements
\l@ylen=\skip50
\layoutsbox=\box51
\l@youtunitlength=\skip51
\l@youtlinethick=\skip52
\l@youtlinethickii=\skip53
\l@ysetupparskip=\skip54
\l@ysetupbaselineskip=\skip55
\l@yonem=\skip56
\l@yonex=\skip57
\l@ylmarg=\skip58
\l@yrmarg=\skip59
\l@yitmindent=\skip60
\l@ylblwidth=\skip61
\l@ylblsep=\skip62
\l@ylparindent=\skip63
\l@ytsep=\skip64
\l@ypskip=\skip65
\l@yptsep=\skip66
\l@ypsep=\skip67
\l@yitmsep=\skip68
\l@ytok=\toks18
\l@youtpw=\count194
\l@youtph=\count195
\l@youthpi=\count196
\l@youthpii=\count197
\l@youthpiii=\count198
\l@youthpiv=\count199
Normal \count register pool exhausted, switching to extended pool.
\l@youthpv=\count277
\l@youthpvi=\count278
\l@youthpvii=\count279
\l@youtparskip=\count280
\l@youtvpi=\count281
\l@youtvpii=\count282
\l@youtvpiii=\count283
\l@youtvpiv=\count284
\l@youtvpv=\count285
\l@youtvpvi=\count286
\l@youtvpvii=\count287
\l@youthdo=\count288
\l@youthdi=\count289
\l@youthdii=\count290
\l@youthdiii=\count291
\l@youthdiv=\count292
\l@youthdv=\count293
\l@youthdvi=\count294
\l@youthdvii=\count295
\l@youtvdo=\count296
\l@youtvdi=\count297
\l@youtvdii=\count298
\l@youtvdiii=\count299
\l@youtvdiv=\count300
\l@youtvdv=\count301
\l@youtvdvi=\count302
\l@youtvdvii=\count303
\l@youtvdviii=\count304
\l@youtxci=\count305
\l@youtxcii=\count306
\l@youtxciii=\count307
\l@youtxciv=\count308
\l@youtxcv=\count309
\l@youtxcvi=\count310
\l@youtyci=\count311
\l@youtycii=\count312
\l@youtyciii=\count313
\l@youtyciv=\count314
\l@youtycv=\count315
\l@youtycvi=\count316
\l@youtycvii=\count317
\l@youtycviii=\count318
\l@youtxco=\count319
\l@youtyco=\count320
\l@ytempdima=\skip69
\trimedge=\skip70
\trimtop=\skip71
\uppermargin=\skip72
\spinemargin=\skip73
) (e:/texlive/2023/texmf-dist/tex/latex/titlesec/titlesec.sty
Package: titlesec 2021/07/05 v2.14 Sectioning titles
\ttl@box=\box52
\beforetitleunit=\skip74
\aftertitleunit=\skip75
\ttl@plus=\dimen151
\ttl@minus=\dimen152
\ttl@toksa=\toks19
\titlewidth=\dimen153
\titlewidthlast=\dimen154
\titlewidthfirst=\dimen155
) (e:/texlive/2023/texmf-dist/tex/latex/titlesec/titletoc.sty
Package: titletoc 2021/07/05 v2.14 TOC entries
\ttl@leftsep=\dimen156
) (e:/texlive/2023/texmf-dist/tex/latex/footmisc/footmisc.sty
Package: footmisc 2022/03/08 v6.0d a miscellany of footnote facilities
\FN@temptoken=\toks20
\footnotemargin=\dimen157
\@outputbox@depth=\dimen158
 (e:/texlive/2023/texmf-dist/tex/latex/bigfoot/perpage.sty
Package: perpage 2014/10/25 2.0 Reset/sort counters per page
\c@abspage=\count321
)
\c@pp@a@footnote=\count322
Package footmisc Info: Declaring symbol style bringhurst on input line 695.
Package footmisc Info: Declaring symbol style chicago on input line 703.
Package footmisc Info: Declaring symbol style wiley on input line 712.
Package footmisc Info: Declaring symbol style lamport-robust on input line 723.
Package footmisc Info: Declaring symbol style lamport* on input line 743.
Package footmisc Info: Declaring symbol style lamport*-robust on input line 764.
) (e:/texlive/2023/texmf-dist/tex/latex/fancyhdr/fancyhdr.sty
Package: fancyhdr 2022/11/09 v4.1 Extensive control of page headers and footers
\f@nch@headwidth=\skip76
\f@nch@O@elh=\skip77
\f@nch@O@erh=\skip78
\f@nch@O@olh=\skip79
\f@nch@O@orh=\skip80
\f@nch@O@elf=\skip81
\f@nch@O@erf=\skip82
\f@nch@O@olf=\skip83
\f@nch@O@orf=\skip84
) (e:/texlive/2023/texmf-dist/tex/latex/fancyref/fancyref.sty
Package: fancyref 1999/02/03 v0.9c Fancy cross-referencing
 (e:/texlive/2023/texmf-dist/tex/latex/tools/varioref.sty
Package: varioref 2022/01/09 v1.6f package for extended references (FMi)
\c@vrcnt=\count323
)) (e:/texlive/2023/texmf-dist/tex/latex/tools/array.sty
Package: array 2022/09/04 v2.5g Tabular extension package (FMi)
\col@sep=\dimen159
\ar@mcellbox=\box53
\extrarowheight=\dimen160
\NC@list=\toks21
\extratabsurround=\skip85
\backup@length=\skip86
\ar@cellbox=\box54
) (e:/texlive/2023/texmf-dist/tex/latex/ctex/ctex.sty (e:/texlive/2023/texmf-dist/tex/latex/l3kernel/expl3.sty
Package: expl3 2023-02-22 L3 programming layer (loader) 
 (e:/texlive/2023/texmf-dist/tex/latex/l3backend/l3backend-xetex.def
File: l3backend-xetex.def 2023-01-16 L3 backend support: XeTeX
\g__graphics_track_int=\count324
\l__pdf_internal_box=\box55
\g__pdf_backend_object_int=\count325
\g__pdf_backend_annotation_int=\count326
\g__pdf_backend_link_int=\count327
))
Package: ctex 2022/07/14 v2.5.10 Chinese adapter in LaTeX (CTEX)
 (e:/texlive/2023/texmf-dist/tex/latex/ctex/ctexhook.sty
Package: ctexhook 2022/07/14 v2.5.10 Document and package hooks (CTEX)
) (e:/texlive/2023/texmf-dist/tex/latex/ctex/ctexpatch.sty
Package: ctexpatch 2022/07/14 v2.5.10 Patching commands (CTEX)
) (e:/texlive/2023/texmf-dist/tex/latex/base/fix-cm.sty
Package: fix-cm 2020/11/24 v1.1t fixes to LaTeX
 (e:/texlive/2023/texmf-dist/tex/latex/base/ts1enc.def
File: ts1enc.def 2001/06/05 v3.0e (jk/car/fm) Standard LaTeX file
LaTeX Font Info:    Redeclaring font encoding TS1 on input line 47.
))
\l__ctex_tmp_int=\count328
\l__ctex_tmp_box=\box56
\l__ctex_tmp_dim=\dimen161
\g__ctex_section_depth_int=\count329
\g__ctex_font_size_int=\count330
 (e:/texlive/2023/texmf-dist/tex/latex/ctex/config/ctexopts.cfg
File: ctexopts.cfg 2022/07/14 v2.5.10 Option configuration file (CTEX)
) (e:/texlive/2023/texmf-dist/tex/latex/ctex/engine/ctex-engine-xetex.def
File: ctex-engine-xetex.def 2022/07/14 v2.5.10 XeLaTeX adapter (CTEX)
 (e:/texlive/2023/texmf-dist/tex/xelatex/xecjk/xeCJK.sty
Package: xeCJK 2022/08/05 v3.9.1 Typesetting CJK scripts with XeLaTeX
 (e:/texlive/2023/texmf-dist/tex/latex/l3packages/xtemplate/xtemplate.sty
Package: xtemplate 2023-02-02 L3 Experimental prototype document functions
\l__xtemplate_tmp_dim=\dimen162
\l__xtemplate_tmp_int=\count331
\l__xtemplate_tmp_muskip=\muskip16
\l__xtemplate_tmp_skip=\skip87
)
\l__xeCJK_tmp_int=\count332
\l__xeCJK_tmp_box=\box57
\l__xeCJK_tmp_dim=\dimen163
\l__xeCJK_tmp_skip=\skip88
\g__xeCJK_space_factor_int=\count333
\l__xeCJK_begin_int=\count334
\l__xeCJK_end_int=\count335
\c__xeCJK_CJK_class_int=\XeTeXcharclass1
\c__xeCJK_FullLeft_class_int=\XeTeXcharclass2
\c__xeCJK_FullRight_class_int=\XeTeXcharclass3
\c__xeCJK_HalfLeft_class_int=\XeTeXcharclass4
\c__xeCJK_HalfRight_class_int=\XeTeXcharclass5
\c__xeCJK_NormalSpace_class_int=\XeTeXcharclass6
\c__xeCJK_CM_class_int=\XeTeXcharclass7
\c__xeCJK_HangulJamo_class_int=\XeTeXcharclass8
\l__xeCJK_last_skip=\skip89
\c__xeCJK_none_node=\count336
\g__xeCJK_node_int=\count337
\c__xeCJK_CJK_node_dim=\dimen164
\c__xeCJK_CJK-space_node_dim=\dimen165
\c__xeCJK_default_node_dim=\dimen166
\c__xeCJK_CJK-widow_node_dim=\dimen167
\c__xeCJK_normalspace_node_dim=\dimen168
\c__xeCJK_default-space_node_skip=\skip90
\l__xeCJK_ccglue_skip=\skip91
\l__xeCJK_ecglue_skip=\skip92
\l__xeCJK_punct_kern_skip=\skip93
\l__xeCJK_indent_box=\box58
\l__xeCJK_last_penalty_int=\count338
\l__xeCJK_last_bound_dim=\dimen169
\l__xeCJK_last_kern_dim=\dimen170
\l__xeCJK_widow_penalty_int=\count339

Package xtemplate Info: Declaring object type 'xeCJK/punctuation' taking 0
(xtemplate)             argument(s) on line 2396.

\l__xeCJK_fixed_punct_width_dim=\dimen171
\l__xeCJK_mixed_punct_width_dim=\dimen172
\l__xeCJK_middle_punct_width_dim=\dimen173
\l__xeCJK_fixed_margin_width_dim=\dimen174
\l__xeCJK_mixed_margin_width_dim=\dimen175
\l__xeCJK_middle_margin_width_dim=\dimen176
\l__xeCJK_bound_punct_width_dim=\dimen177
\l__xeCJK_bound_margin_width_dim=\dimen178
\l__xeCJK_margin_minimum_dim=\dimen179
\l__xeCJK_kerning_total_width_dim=\dimen180
\l__xeCJK_same_align_margin_dim=\dimen181
\l__xeCJK_different_align_margin_dim=\dimen182
\l__xeCJK_kerning_margin_width_dim=\dimen183
\l__xeCJK_kerning_margin_minimum_dim=\dimen184
\l__xeCJK_bound_dim=\dimen185
\l__xeCJK_reverse_bound_dim=\dimen186
\l__xeCJK_margin_dim=\dimen187
\l__xeCJK_minimum_bound_dim=\dimen188
\l__xeCJK_kerning_margin_dim=\dimen189
\g__xeCJK_family_int=\count340
\l__xeCJK_fam_int=\count341
\g__xeCJK_fam_allocation_int=\count342
\l__xeCJK_verb_case_int=\count343
\l__xeCJK_verb_exspace_skip=\skip94
 (e:/texlive/2023/texmf-dist/tex/latex/fontspec/fontspec.sty (e:/texlive/2023/texmf-dist/tex/latex/l3packages/xparse/xparse.sty
Package: xparse 2023-02-02 L3 Experimental document command parser
)
Package: fontspec 2022/01/15 v2.8a Font selection for XeLaTeX and LuaLaTeX
 (e:/texlive/2023/texmf-dist/tex/latex/fontspec/fontspec-xetex.sty
Package: fontspec-xetex 2022/01/15 v2.8a Font selection for XeLaTeX and LuaLaTeX
\l__fontspec_script_int=\count344
\l__fontspec_language_int=\count345
\l__fontspec_strnum_int=\count346
\l__fontspec_tmp_int=\count347
\l__fontspec_tmpa_int=\count348
\l__fontspec_tmpb_int=\count349
\l__fontspec_tmpc_int=\count350
\l__fontspec_em_int=\count351
\l__fontspec_emdef_int=\count352
\l__fontspec_strong_int=\count353
\l__fontspec_strongdef_int=\count354
\l__fontspec_tmpa_dim=\dimen190
\l__fontspec_tmpb_dim=\dimen191
\l__fontspec_tmpc_dim=\dimen192
 (e:/texlive/2023/texmf-dist/tex/latex/base/fontenc.sty
Package: fontenc 2021/04/29 v2.0v Standard LaTeX package
) (e:/texlive/2023/texmf-dist/tex/latex/fontspec/fontspec.cfg))) (e:/texlive/2023/texmf-dist/tex/xelatex/xecjk/xeCJK.cfg
File: xeCJK.cfg 2022/08/05 v3.9.1 Configuration file for xeCJK package
))
\ccwd=\dimen193
\l__ctex_ccglue_skip=\skip95
)
\l__ctex_ziju_dim=\dimen194
 (e:/texlive/2023/texmf-dist/tex/latex/zhnumber/zhnumber.sty
Package: zhnumber 2022/07/14 v3.0 Typesetting numbers with Chinese glyphs
\l__zhnum_scale_int=\count355
\l__zhnum_tmp_int=\count356
 (e:/texlive/2023/texmf-dist/tex/latex/zhnumber/zhnumber-utf8.cfg
File: zhnumber-utf8.cfg 2022/07/14 v3.0 Chinese numerals with UTF8 encoding
)) (e:/texlive/2023/texmf-dist/tex/latex/ctex/scheme/ctex-scheme-chinese.def
File: ctex-scheme-chinese.def 2022/07/14 v2.5.10 Chinese scheme for generic (CTEX)
 (e:/texlive/2023/texmf-dist/tex/latex/ctex/config/ctex-name-utf8.cfg
File: ctex-name-utf8.cfg 2022/07/14 v2.5.10 Caption with encoding UTF-8 (CTEX)
)) (e:/texlive/2023/texmf-dist/tex/latex/tools/indentfirst.sty
Package: indentfirst 1995/11/23 v1.03 Indent first paragraph (DPC)
) (e:/texlive/2023/texmf-dist/tex/latex/ctex/fontset/ctex-fontset-windows.def
File: ctex-fontset-windows.def 2022/07/14 v2.5.10 Windows fonts definition (CTEX)

Package fontspec Info: Could not resolve font "KaiTi/B" (it probably doesn't
(fontspec)             exist).


Package fontspec Info: Could not resolve font "SimHei/I" (it probably doesn't
(fontspec)             exist).


Package fontspec Info: Could not resolve font "SimSun/BI" (it probably doesn't
(fontspec)             exist).


Package fontspec Info: Font family 'SimSun(0)' created for font 'SimSun' with
(fontspec)             options
(fontspec)             [Script={CJK},BoldFont={SimHei},ItalicFont={KaiTi}].
(fontspec)              
(fontspec)              This font family consists of the following NFSS
(fontspec)             series/shapes:
(fontspec)              
(fontspec)             - 'normal' (m/n) with NFSS spec.:
(fontspec)             <->"SimSun/OT:script=hani;language=dflt;"
(fontspec)             - 'small caps'  (m/sc) with NFSS spec.: 
(fontspec)             - 'bold' (b/n) with NFSS spec.:
(fontspec)             <->"SimHei/OT:script=hani;language=dflt;"
(fontspec)             - 'bold small caps'  (b/sc) with NFSS spec.: 
(fontspec)             - 'italic' (m/it) with NFSS spec.:
(fontspec)             <->"KaiTi/OT:script=hani;language=dflt;"
(fontspec)             - 'italic small caps'  (m/scit) with NFSS spec.: 

)) (e:/texlive/2023/texmf-dist/tex/latex/ctex/config/ctex.cfg
File: ctex.cfg 2022/07/14 v2.5.10 Configuration file (CTEX)
) (e:/texlive/2023/texmf-dist/tex/latex/type1cm/type1cm.sty
Package: type1cm 2002/09/05 v0.04 BlueSky/Y&Y Type1 CM font definitions (DPC, patched RF)
) (e:/texlive/2023/texmf-dist/tex/latex/graphics/color.sty
Package: color 2022/01/06 v1.3d Standard LaTeX Color (DPC)
 (e:/texlive/2023/texmf-dist/tex/latex/graphics-cfg/color.cfg
File: color.cfg 2016/01/02 v1.6 sample color configuration
)
Package color Info: Driver file: xetex.def on input line 149.
 (e:/texlive/2023/texmf-dist/tex/latex/graphics-def/xetex.def
File: xetex.def 2022/09/22 v5.0n Graphics/color driver for xetex
) (e:/texlive/2023/texmf-dist/tex/latex/graphics/mathcolor.ltx)) (e:/texlive/2023/texmf-dist/tex/latex/amsmath/amsmath.sty
Package: amsmath 2022/04/08 v2.17n AMS math features
\@mathmargin=\skip96

For additional information on amsmath, use the `?' option.
(e:/texlive/2023/texmf-dist/tex/latex/amsmath/amstext.sty
Package: amstext 2021/08/26 v2.01 AMS text
 (e:/texlive/2023/texmf-dist/tex/latex/amsmath/amsgen.sty
File: amsgen.sty 1999/11/30 v2.0 generic functions
\@emptytoks=\toks22
\ex@=\dimen195
)) (e:/texlive/2023/texmf-dist/tex/latex/amsmath/amsbsy.sty
Package: amsbsy 1999/11/29 v1.2d Bold Symbols
\pmbraise@=\dimen196
) (e:/texlive/2023/texmf-dist/tex/latex/amsmath/amsopn.sty
Package: amsopn 2022/04/08 v2.04 operator names
)
\inf@bad=\count357
LaTeX Info: Redefining \frac on input line 234.
\uproot@=\count358
\leftroot@=\count359
LaTeX Info: Redefining \overline on input line 399.
LaTeX Info: Redefining \colon on input line 410.
\classnum@=\count360
\DOTSCASE@=\count361
LaTeX Info: Redefining \ldots on input line 496.
LaTeX Info: Redefining \dots on input line 499.
LaTeX Info: Redefining \cdots on input line 620.
\Mathstrutbox@=\box59
\strutbox@=\box60
LaTeX Info: Redefining \big on input line 722.
LaTeX Info: Redefining \Big on input line 723.
LaTeX Info: Redefining \bigg on input line 724.
LaTeX Info: Redefining \Bigg on input line 725.
\big@size=\dimen197
LaTeX Font Info:    Redeclaring font encoding OML on input line 743.
LaTeX Font Info:    Redeclaring font encoding OMS on input line 744.
\macc@depth=\count362
LaTeX Info: Redefining \bmod on input line 905.
LaTeX Info: Redefining \pmod on input line 910.
LaTeX Info: Redefining \smash on input line 940.
LaTeX Info: Redefining \relbar on input line 970.
LaTeX Info: Redefining \Relbar on input line 971.
\c@MaxMatrixCols=\count363
\dotsspace@=\muskip17
\c@parentequation=\count364
\dspbrk@lvl=\count365
\tag@help=\toks23
\row@=\count366
\column@=\count367
\maxfields@=\count368
\andhelp@=\toks24
\eqnshift@=\dimen198
\alignsep@=\dimen199
Normal \dimen register pool exhausted, switching to extended pool.
\tagshift@=\dimen256
\tagwidth@=\dimen257
\totwidth@=\dimen258
\lineht@=\dimen259
\@envbody=\toks25
\multlinegap=\skip97
\multlinetaggap=\skip98
\mathdisplay@stack=\toks26
LaTeX Info: Redefining \[ on input line 2953.
LaTeX Info: Redefining \] on input line 2954.
) (e:/texlive/2023/texmf-dist/tex/latex/relsize/relsize.sty
Package: relsize 2013/03/29 ver 4.1
) (e:/texlive/2023/texmf-dist/tex/latex/amsfonts/amssymb.sty
Package: amssymb 2013/01/14 v3.01 AMS font symbols
 (e:/texlive/2023/texmf-dist/tex/latex/amsfonts/amsfonts.sty
Package: amsfonts 2013/01/14 v3.01 Basic AMSFonts support
\symAMSa=\mathgroup4
\symAMSb=\mathgroup5
LaTeX Font Info:    Redeclaring math symbol \hbar on input line 98.
LaTeX Font Info:    Overwriting math alphabet `\mathfrak' in version `bold'
(Font)                  U/euf/m/n --> U/euf/b/n on input line 106.
)) (e:/texlive/2023/texmf-dist/tex/latex/base/textcomp.sty
Package: textcomp 2020/02/02 v2.0n Standard LaTeX package
) (e:/texlive/2023/texmf-dist/tex/latex/jknapltx/mathrsfs.sty
Package: mathrsfs 1996/01/01 Math RSFS package v1.0 (jk)
\symrsfs=\mathgroup6
) (e:/texlive/2023/texmf-dist/tex/latex/tools/bm.sty
Package: bm 2022/01/05 v1.2f Bold Symbol Support (DPC/FMi)
\symboldoperators=\mathgroup7
\symboldletters=\mathgroup8
\symboldsymbols=\mathgroup9
Package bm Info: No bold for \OMX/cmex/m/n, using \pmb.
Package bm Info: No bold for \U/msa/m/n, using \pmb.
Package bm Info: No bold for \U/msb/m/n, using \pmb.
Package bm Info: No bold for \U/rsfs/m/n, using \pmb.
LaTeX Font Info:    Redeclaring math alphabet \mathbf on input line 149.
) (e:/texlive/2023/texmf-dist/tex/latex/ntheorem/ntheorem.sty
Style `ntheorem', Version 1.33 <2011/08/15>
Package: ntheorem 2011/08/15 1.33
(e:/texlive/2023/texmf-dist/tex/latex/base/ifthen.sty
Package: ifthen 2022/04/13 v1.1d Standard LaTeX ifthen package (DPC)
)
\theorem@style=\toks27
\theorem@@style=\toks28
\theorembodyfont=\toks29
\theoremnumbering=\toks30
\theorempreskipamount=\skip99
\theorempostskipamount=\skip100
\theoremframepreskipamount=\skip101
\theoremframepostskipamount=\skip102
\theoreminframepreskipamount=\skip103
\theoreminframepostskipamount=\skip104
\theorem@preskip=\toks31
\theorem@postskip=\toks32
\theorem@framepreskip=\toks33
\theorem@framepostskip=\toks34
\theorem@inframepreskip=\toks35
\theorem@inframepostskip=\toks36
\theoremindent=\dimen260
\theorem@indent=\dimen261
\theoremrightindent=\dimen262
\theorem@rightindent=\dimen263
\theoremheaderfont=\toks37
\theoremseparator=\toks38
\theoremprework=\toks39
\theorempostwork=\toks40
\theoremsymbol=\toks41
\qedsymbol=\toks42
\theoremkeyword=\toks43
\qedsymbol=\toks44
\thm@topsep=\skip105
\thm@topsepadd=\skip106
Package ntheorem Info: Option `thmmarks' loaded on input line 1175.
\c@endNonectr=\count369
\c@currNonectr=\count370
\mysavskip=\skip107
Package ntheorem Info: option `amsmath' handling for `thmmarks' loaded on input line 1175.
\thm@amstmpdepth=\dimen264
\tagwidth=\dimen265
) (e:/texlive/2023/texmf-dist/tex/latex/graphics/epsfig.sty
Package: epsfig 2017/06/25 v1.7b (e)psfig emulation (SPQR)
\epsfxsize=\dimen266
\epsfysize=\dimen267
) (e:/texlive/2023/texmf-dist/tex/latex/placeins/placeins.sty
Package: placeins 2005/04/18  v 2.2
) (e:/texlive/2023/texmf-dist/tex/latex/graphics/rotating.sty
Package: rotating 2016/08/11 v2.16d rotated objects in LaTeX
\c@r@tfl@t=\count371
\rotFPtop=\skip108
\rotFPbot=\skip109
\rot@float@box=\box61
\rot@mess@toks=\toks45
) (e:/texlive/2023/texmf-dist/tex/latex/setspace/setspace.sty
Package: setspace 2022/12/04 v6.7b set line spacing
) (e:/texlive/2023/texmf-dist/tex/latex/base/flafter.sty
Package: flafter 2021/07/31 v1.4e Standard LaTeX floats after reference (FMi)
Applying: [2015/01/01] float order in 2-column on input line 49.
Already applied: [0000/00/00] float order in 2-column on input line 151.
) (e:/texlive/2023/texmf-dist/tex/latex/multirow/multirow.sty
Package: multirow 2021/03/15 v2.8 Span multiple rows of a table
\multirow@colwidth=\skip110
\multirow@cntb=\count372
\multirow@dima=\skip111
\bigstrutjot=\dimen268
) (e:/texlive/2023/texmf-dist/tex/latex/booktabs/booktabs.sty
Package: booktabs 2020/01/12 v1.61803398 Publication quality tables
\heavyrulewidth=\dimen269
\lightrulewidth=\dimen270
\cmidrulewidth=\dimen271
\belowrulesep=\dimen272
\belowbottomsep=\dimen273
\aboverulesep=\dimen274
\abovetopsep=\dimen275
\cmidrulesep=\dimen276
\cmidrulekern=\dimen277
\defaultaddspace=\dimen278
\@cmidla=\count373
\@cmidlb=\count374
\@aboverulesep=\dimen279
\@belowrulesep=\dimen280
\@thisruleclass=\count375
\@lastruleclass=\count376
\@thisrulewidth=\dimen281
) (e:/texlive/2023/texmf-dist/tex/latex/tools/longtable.sty
Package: longtable 2021-09-01 v4.17 Multi-page Table package (DPC)
\LTleft=\skip112
\LTright=\skip113
\LTpre=\skip114
\LTpost=\skip115
\LTchunksize=\count377
\LTcapwidth=\dimen282
\LT@head=\box62
\LT@firsthead=\box63
\LT@foot=\box64
\LT@lastfoot=\box65
\LT@gbox=\box66
\LT@cols=\count378
\LT@rows=\count379
\c@LT@tables=\count380
\c@LT@chunks=\count381
\LT@p@ftn=\toks46
) (e:/texlive/2023/texmf-dist/tex/latex/subfigure/subfigure.sty
Package: subfigure 2002/03/15 v2.1.5 subfigure package
\subfigtopskip=\skip116
\subfigcapskip=\skip117
\subfigcaptopadj=\dimen283
\subfigbottomskip=\skip118
\subfigcapmargin=\dimen284
\subfiglabelskip=\skip119
\c@subfigure=\count382
\c@lofdepth=\count383
\c@subtable=\count384
\c@lotdepth=\count385

****************************************
* Local config file subfigure.cfg used *
****************************************
(e:/texlive/2023/texmf-dist/tex/latex/subfigure/subfigure.cfg)
\subfig@top=\skip120
\subfig@bottom=\skip121
) (e:/texlive/2023/texmf-dist/tex/latex/ccaption/ccaption.sty
Package: ccaption 2011/08/07 v3.2c Extended captioning and new floats
\@contcwidth=\skip122
\@contindw=\skip123
\abovelegendskip=\skip124
\belowlegendskip=\skip125
\c@@contsubnum=\count386
\c@newflo@tctr=\count387
) (e:/texlive/2023/texmf-dist/tex/latex/natbib/natbib.sty
Package: natbib 2010/09/13 8.31b (PWD, AO)
\bibhang=\skip126
\bibsep=\skip127
LaTeX Info: Redefining \cite on input line 694.
\c@NAT@ctr=\count388
) (e:/texlive/2023/texmf-dist/tex/latex/hypernat/hypernat.sty
Invalid UTF-8 byte or sequence at line 22 replaced by U+FFFD.
Invalid UTF-8 byte or sequence at line 24 replaced by U+FFFD.
Package: hypernat 2001/07/09 v1.0b hyperref and natbib compatibility (jb)
) (e:/texlive/2023/texmf-dist/tex/latex/enumitem/enumitem.sty
Package: enumitem 2019/06/20 v3.9 Customized lists
\labelindent=\skip128
\enit@outerparindent=\dimen285
\enit@toks=\toks47
\enit@inbox=\box67
\enit@count@id=\count389
\enitdp@description=\count390
) (e:/texlive/2023/texmf-dist/tex/latex/tools/calc.sty
Package: calc 2017/05/25 v4.3 Infix arithmetic (KKT,FJ)
\calc@Acount=\count391
\calc@Bcount=\count392
\calc@Adimen=\dimen286
\calc@Bdimen=\dimen287
\calc@Askip=\skip129
\calc@Bskip=\skip130
LaTeX Info: Redefining \setlength on input line 80.
LaTeX Info: Redefining \addtolength on input line 81.
\calc@Ccount=\count393
\calc@Cskip=\skip131
) (e:/texlive/2023/texmf-dist/tex/latex/hyperref/hyperref.sty
Package: hyperref 2023-02-07 v7.00v Hypertext links for LaTeX
 (e:/texlive/2023/texmf-dist/tex/generic/ltxcmds/ltxcmds.sty
Package: ltxcmds 2020-05-10 v1.25 LaTeX kernel commands for general use (HO)
) (e:/texlive/2023/texmf-dist/tex/generic/pdftexcmds/pdftexcmds.sty
Package: pdftexcmds 2020-06-27 v0.33 Utility functions of pdfTeX for LuaTeX (HO)
 (e:/texlive/2023/texmf-dist/tex/generic/infwarerr/infwarerr.sty
Package: infwarerr 2019/12/03 v1.5 Providing info/warning/error messages (HO)
)
Package pdftexcmds Info: \pdf@primitive is available.
Package pdftexcmds Info: \pdf@ifprimitive is available.
Package pdftexcmds Info: \pdfdraftmode not found.
) (e:/texlive/2023/texmf-dist/tex/latex/kvsetkeys/kvsetkeys.sty
Package: kvsetkeys 2022-10-05 v1.19 Key value parser (HO)
) (e:/texlive/2023/texmf-dist/tex/generic/kvdefinekeys/kvdefinekeys.sty
Package: kvdefinekeys 2019-12-19 v1.6 Define keys (HO)
) (e:/texlive/2023/texmf-dist/tex/generic/pdfescape/pdfescape.sty
Package: pdfescape 2019/12/09 v1.15 Implements pdfTeX's escape features (HO)
) (e:/texlive/2023/texmf-dist/tex/latex/hycolor/hycolor.sty
Package: hycolor 2020-01-27 v1.10 Color options for hyperref/bookmark (HO)
) (e:/texlive/2023/texmf-dist/tex/latex/letltxmacro/letltxmacro.sty
Package: letltxmacro 2019/12/03 v1.6 Let assignment for LaTeX macros (HO)
) (e:/texlive/2023/texmf-dist/tex/latex/auxhook/auxhook.sty
Package: auxhook 2019-12-17 v1.6 Hooks for auxiliary files (HO)
) (e:/texlive/2023/texmf-dist/tex/latex/hyperref/nameref.sty
Package: nameref 2022-05-17 v2.50 Cross-referencing by name of section
 (e:/texlive/2023/texmf-dist/tex/latex/refcount/refcount.sty
Package: refcount 2019/12/15 v3.6 Data extraction from label references (HO)
) (e:/texlive/2023/texmf-dist/tex/generic/gettitlestring/gettitlestring.sty
Package: gettitlestring 2019/12/15 v1.6 Cleanup title references (HO)
 (e:/texlive/2023/texmf-dist/tex/latex/kvoptions/kvoptions.sty
Package: kvoptions 2022-06-15 v3.15 Key value format for package options (HO)
))
\c@section@level=\count394
)
\@linkdim=\dimen288
\Hy@linkcounter=\count395
\Hy@pagecounter=\count396
 (e:/texlive/2023/texmf-dist/tex/latex/hyperref/pd1enc.def
File: pd1enc.def 2023-02-07 v7.00v Hyperref: PDFDocEncoding definition (HO)
) (e:/texlive/2023/texmf-dist/tex/generic/intcalc/intcalc.sty
Package: intcalc 2019/12/15 v1.3 Expandable calculations with integers (HO)
) (e:/texlive/2023/texmf-dist/tex/generic/etexcmds/etexcmds.sty
Package: etexcmds 2019/12/15 v1.7 Avoid name clashes with e-TeX commands (HO)
)
\Hy@SavedSpaceFactor=\count397
 (e:/texlive/2023/texmf-dist/tex/latex/hyperref/puenc.def
File: puenc.def 2023-02-07 v7.00v Hyperref: PDF Unicode definition (HO)
)
Package hyperref Info: Option `unicode' set `true' on input line 4060.
Package hyperref Info: Option `bookmarksnumbered' set `true' on input line 4060.
Package hyperref Info: Option `bookmarksopen' set `true' on input line 4060.
Package hyperref Info: Option `colorlinks' set `false' on input line 4060.
Package hyperref Info: Option `breaklinks' set `true' on input line 4060.
Package hyperref Info: Option `naturalnames' set `true' on input line 4060.
Package hyperref Info: Hyper figures OFF on input line 4177.
Package hyperref Info: Link nesting OFF on input line 4182.
Package hyperref Info: Hyper index ON on input line 4185.
Package hyperref Info: Plain pages OFF on input line 4192.
Package hyperref Info: Backreferencing OFF on input line 4197.
Package hyperref Info: Implicit mode ON; LaTeX internals redefined.
Package hyperref Info: Bookmarks ON on input line 4425.
\c@Hy@tempcnt=\count398
 (e:/texlive/2023/texmf-dist/tex/latex/url/url.sty
\Urlmuskip=\muskip18
Package: url 2013/09/16  ver 3.4  Verb mode for urls, etc.
)
LaTeX Info: Redefining \url on input line 4763.
\XeTeXLinkMargin=\dimen289
 (e:/texlive/2023/texmf-dist/tex/generic/bitset/bitset.sty
Package: bitset 2019/12/09 v1.3 Handle bit-vector datatype (HO)
 (e:/texlive/2023/texmf-dist/tex/generic/bigintcalc/bigintcalc.sty
Package: bigintcalc 2019/12/15 v1.5 Expandable calculations on big integers (HO)
))
\Fld@menulength=\count399
\Field@Width=\dimen290
\Fld@charsize=\dimen291
Package hyperref Info: Hyper figures OFF on input line 6042.
Package hyperref Info: Link nesting OFF on input line 6047.
Package hyperref Info: Hyper index ON on input line 6050.
Package hyperref Info: backreferencing OFF on input line 6057.
Package hyperref Info: Link coloring OFF on input line 6062.
Package hyperref Info: Link coloring with OCG OFF on input line 6067.
Package hyperref Info: PDF/A mode OFF on input line 6072.
 (e:/texlive/2023/texmf-dist/tex/latex/base/atbegshi-ltx.sty
Package: atbegshi-ltx 2021/01/10 v1.0c Emulation of the original atbegshi
package with kernel methods
)
\Hy@abspage=\count400
\c@Item=\count401
\c@Hfootnote=\count402
)
Package hyperref Info: Driver: hxetex.
 (e:/texlive/2023/texmf-dist/tex/latex/hyperref/hxetex.def
File: hxetex.def 2023-02-07 v7.00v Hyperref driver for XeTeX
 (e:/texlive/2023/texmf-dist/tex/generic/stringenc/stringenc.sty
Package: stringenc 2019/11/29 v1.12 Convert strings between diff. encodings (HO)
)
\pdfm@box=\box68
\c@Hy@AnnotLevel=\count403
\HyField@AnnotCount=\count404
\Fld@listcount=\count405
\c@bookmark@seq@number=\count406
 (e:/texlive/2023/texmf-dist/tex/latex/rerunfilecheck/rerunfilecheck.sty
Package: rerunfilecheck 2022-07-10 v1.10 Rerun checks for auxiliary files (HO)
 (e:/texlive/2023/texmf-dist/tex/latex/base/atveryend-ltx.sty
Package: atveryend-ltx 2020/08/19 v1.0a Emulation of the original atveryend package
with kernel methods
) (e:/texlive/2023/texmf-dist/tex/generic/uniquecounter/uniquecounter.sty
Package: uniquecounter 2019/12/15 v1.4 Provide unlimited unique counter (HO)
)
Package uniquecounter Info: New unique counter `rerunfilecheck' on input line 285.
)
\Hy@SectionHShift=\skip132
) (e:/texlive/2023/texmf-dist/tex/latex/arydshln/arydshln.sty
Package: arydshln 2019/02/21 v1.76 
\dashlinedash=\dimen292
\dashlinegap=\dimen293
\adl@box=\box69
\adl@height=\dimen294
\adl@heightsave=\dimen295
\adl@depth=\dimen296
\adl@depthsave=\dimen297
\adl@finaldepth=\dimen298
\adl@columns=\count407
\adl@ncol=\count408
\adl@currentcolumn=\count409
\adl@currentcolumnsave=\count410
\adl@totalheight=\count411
\adl@totalheightsave=\count412
\adl@dash=\count413
\adl@gap=\count414
\adl@cla=\count415
\adl@clb=\count416
\adl@everyvbox=\toks48
\adl@LTpagetotal=\dimen299
)) (e:/texlive/2023/texmf-dist/tex/latex/algorithm2e/algorithm2e.sty
Invalid UTF-8 byte or sequence at line 284 replaced by U+FFFD.
Invalid UTF-8 byte or sequence at line 299 replaced by U+FFFD.
Invalid UTF-8 byte or sequence at line 550 replaced by U+FFFD.
Package: algorithm2e 2017/07/18 v5.2 algorithms environments
\c@AlgoLine=\count417
\algocf@hangindent=\skip133
 (e:/texlive/2023/texmf-dist/tex/latex/ifoddpage/ifoddpage.sty
Package: ifoddpage 2022/10/18 v1.2 Conditionals for odd/even page detection
\c@checkoddpage=\count418
) (e:/texlive/2023/texmf-dist/tex/latex/tools/xspace.sty
Package: xspace 2014/10/28 v1.13 Space after command names (DPC,MH)
)
\skiptotal=\skip134
\skiplinenumber=\skip135
\skiprule=\skip136
\skiphlne=\skip137
\skiptext=\skip138
\skiplength=\skip139
\algomargin=\skip140
\skipalgocfslide=\skip141
\algowidth=\dimen300
\inoutsize=\dimen301
\inoutindent=\dimen302
\interspacetitleruled=\dimen303
\interspacealgoruled=\dimen304
\interspacetitleboxruled=\dimen305
\algocf@ruledwidth=\skip142
\algocf@inoutbox=\box70
\algocf@inputbox=\box71
\AlCapSkip=\skip143
\AlCapHSkip=\skip144
\algoskipindent=\skip145
\algocf@nlbox=\box72
\algocf@hangingbox=\box73
\algocf@untilbox=\box74
\algocf@skipuntil=\skip146
\algocf@capbox=\box75
\algocf@lcaptionbox=\skip147
\algoheightruledefault=\skip148
\algoheightrule=\skip149
\algotitleheightruledefault=\skip150
\algotitleheightrule=\skip151
\c@algocfline=\count419
\c@algocfproc=\count420
\c@algocf=\count421
\algocf@algoframe=\box76
\algocf@algobox=\box77
) (./main.aux (./body/Introduction.aux) (./body/Tricks.aux) (./body/UpdateLog.aux) (./body/ToTemplateMaintainers.aux) (./body/copyright.aux) (./body/conclusion.aux) (./appendix/acknowledgements.aux) (./appendix/appA.aux))
\openout1 = `main.aux'.

LaTeX Font Info:    Checking defaults for OML/cmm/m/it on input line 140.
LaTeX Font Info:    ... okay on input line 140.
LaTeX Font Info:    Checking defaults for OMS/cmsy/m/n on input line 140.
LaTeX Font Info:    ... okay on input line 140.
LaTeX Font Info:    Checking defaults for OT1/cmr/m/n on input line 140.
LaTeX Font Info:    ... okay on input line 140.
LaTeX Font Info:    Checking defaults for T1/cmr/m/n on input line 140.
LaTeX Font Info:    ... okay on input line 140.
LaTeX Font Info:    Checking defaults for TS1/cmr/m/n on input line 140.
LaTeX Font Info:    ... okay on input line 140.
LaTeX Font Info:    Checking defaults for TU/lmr/m/n on input line 140.
LaTeX Font Info:    ... okay on input line 140.
LaTeX Font Info:    Checking defaults for OMX/cmex/m/n on input line 140.
LaTeX Font Info:    ... okay on input line 140.
LaTeX Font Info:    Checking defaults for U/cmr/m/n on input line 140.
LaTeX Font Info:    ... okay on input line 140.
LaTeX Font Info:    Checking defaults for PD1/pdf/m/n on input line 140.
LaTeX Font Info:    ... okay on input line 140.
LaTeX Font Info:    Checking defaults for PU/pdf/m/n on input line 140.
LaTeX Font Info:    ... okay on input line 140.

*geometry* driver: auto-detecting
*geometry* detected driver: xetex
*geometry* verbose mode - [ preamble ] result:
* driver: xetex
* paper: a4paper
* layout: <same size as paper>
* layoutoffset:(h,v)=(0.0pt,0.0pt)
* modes: 
* h-part:(L,W,R)=(71.13188pt, 398.3386pt, 128.0374pt)
* v-part:(T,H,B)=(136.57323pt, 594.6626pt, 113.81102pt)
* \paperwidth=597.50787pt
* \paperheight=845.04684pt
* \textwidth=398.3386pt
* \textheight=594.6626pt
* \oddsidemargin=-1.1381pt
* \evensidemargin=-1.1381pt
* \topmargin=35.85051pt
* \headheight=19.91692pt
* \headsep=8.53581pt
* \topskip=12.0pt
* \footskip=19.91692pt
* \marginparwidth=38.0pt
* \marginparsep=7.0pt
* \columnsep=10.0pt
* \skip\footins=10.8pt plus 4.0pt minus 2.0pt
* \hoffset=0.0pt
* \voffset=0.0pt
* \mag=1000
* \@twocolumnfalse
* \@twosidefalse
* \@mparswitchfalse
* \@reversemarginfalse
* (1in=72.27pt=25.4mm, 1cm=28.453pt)


Package layouts Warning: Layout scale set to 0.5 on input line 140.


Package fontspec Info: Adjusting the maths setup (use [no-math] to avoid
(fontspec)             this).

\symlegacymaths=\mathgroup10
LaTeX Font Info:    Overwriting symbol font `legacymaths' in version `bold'
(Font)                  OT1/cmr/m/n --> OT1/cmr/bx/n on input line 140.
LaTeX Font Info:    Redeclaring math accent \acute on input line 140.
LaTeX Font Info:    Redeclaring math accent \grave on input line 140.
LaTeX Font Info:    Redeclaring math accent \ddot on input line 140.
LaTeX Font Info:    Redeclaring math accent \tilde on input line 140.
LaTeX Font Info:    Redeclaring math accent \bar on input line 140.
LaTeX Font Info:    Redeclaring math accent \breve on input line 140.
LaTeX Font Info:    Redeclaring math accent \check on input line 140.
LaTeX Font Info:    Redeclaring math accent \hat on input line 140.
LaTeX Font Info:    Redeclaring math accent \dot on input line 140.
LaTeX Font Info:    Redeclaring math accent \mathring on input line 140.
LaTeX Font Info:    Redeclaring math symbol \Gamma on input line 140.
LaTeX Font Info:    Redeclaring math symbol \Delta on input line 140.
LaTeX Font Info:    Redeclaring math symbol \Theta on input line 140.
LaTeX Font Info:    Redeclaring math symbol \Lambda on input line 140.
LaTeX Font Info:    Redeclaring math symbol \Xi on input line 140.
LaTeX Font Info:    Redeclaring math symbol \Pi on input line 140.
LaTeX Font Info:    Redeclaring math symbol \Sigma on input line 140.
LaTeX Font Info:    Redeclaring math symbol \Upsilon on input line 140.
LaTeX Font Info:    Redeclaring math symbol \Phi on input line 140.
LaTeX Font Info:    Redeclaring math symbol \Psi on input line 140.
LaTeX Font Info:    Redeclaring math symbol \Omega on input line 140.
LaTeX Font Info:    Redeclaring math symbol \mathdollar on input line 140.
LaTeX Font Info:    Redeclaring symbol font `operators' on input line 140.
LaTeX Font Info:    Encoding `OT1' has changed to `TU' for symbol font
(Font)              `operators' in the math version `normal' on input line 140.
LaTeX Font Info:    Overwriting symbol font `operators' in version `normal'
(Font)                  OT1/cmr/m/n --> TU/lmr/m/n on input line 140.
LaTeX Font Info:    Encoding `OT1' has changed to `TU' for symbol font
(Font)              `operators' in the math version `bold' on input line 140.
LaTeX Font Info:    Overwriting symbol font `operators' in version `bold'
(Font)                  OT1/cmr/bx/n --> TU/lmr/m/n on input line 140.
LaTeX Font Info:    Overwriting symbol font `operators' in version `normal'
(Font)                  TU/lmr/m/n --> TU/lmr/m/n on input line 140.
LaTeX Font Info:    Overwriting math alphabet `\mathit' in version `normal'
(Font)                  OT1/cmr/m/it --> TU/lmr/m/it on input line 140.
LaTeX Font Info:    Overwriting math alphabet `\mathbf' in version `normal'
(Font)                  OT1/cmr/bx/n --> TU/lmr/b/n on input line 140.
LaTeX Font Info:    Overwriting math alphabet `\mathsf' in version `normal'
(Font)                  OT1/cmss/m/n --> TU/lmss/m/n on input line 140.
LaTeX Font Info:    Overwriting math alphabet `\mathtt' in version `normal'
(Font)                  OT1/cmtt/m/n --> TU/lmtt/m/n on input line 140.
LaTeX Font Info:    Overwriting symbol font `operators' in version `bold'
(Font)                  TU/lmr/m/n --> TU/lmr/b/n on input line 140.
LaTeX Font Info:    Overwriting math alphabet `\mathit' in version `bold'
(Font)                  OT1/cmr/bx/it --> TU/lmr/b/it on input line 140.
LaTeX Font Info:    Overwriting math alphabet `\mathsf' in version `bold'
(Font)                  OT1/cmss/bx/n --> TU/lmss/b/n on input line 140.
LaTeX Font Info:    Overwriting math alphabet `\mathtt' in version `bold'
(Font)                  OT1/cmtt/m/n --> TU/lmtt/b/n on input line 140.
Package hyperref Info: Link coloring OFF on input line 140.
(./main.out) (./main.out)
\@outlinefile=\write3
\openout3 = `main.out'.

 (./setup/Definition.tex

Package fontspec Info: Font family 'TimesNewRoman(0)' created for font 'Times
(fontspec)             New Roman' with options
(fontspec)             [Mapping=tex-text,Ligatures=TeX].
(fontspec)              
(fontspec)              This font family consists of the following NFSS
(fontspec)             series/shapes:
(fontspec)              
(fontspec)             - 'normal' (m/n) with NFSS spec.: <->"Times New
(fontspec)             Roman/OT:script=latn;language=dflt;mapping=tex-text;"
(fontspec)             - 'small caps'  (m/sc) with NFSS spec.: <->"Times New
(fontspec)             Roman/OT:script=latn;language=dflt;+smcp;mapping=tex-text;"
(fontspec)             - 'bold' (b/n) with NFSS spec.: <->"Times New
(fontspec)             Roman/B/OT:script=latn;language=dflt;mapping=tex-text;"
(fontspec)             - 'bold small caps'  (b/sc) with NFSS spec.: <->"Times
(fontspec)             New
(fontspec)             Roman/B/OT:script=latn;language=dflt;+smcp;mapping=tex-text;"
(fontspec)             - 'italic' (m/it) with NFSS spec.: <->"Times New
(fontspec)             Roman/I/OT:script=latn;language=dflt;mapping=tex-text;"
(fontspec)             - 'italic small caps'  (m/scit) with NFSS spec.:
(fontspec)             <->"Times New
(fontspec)             Roman/I/OT:script=latn;language=dflt;+smcp;mapping=tex-text;"
(fontspec)             - 'bold italic' (b/it) with NFSS spec.: <->"Times New
(fontspec)             Roman/BI/OT:script=latn;language=dflt;mapping=tex-text;"
(fontspec)             - 'bold italic small caps'  (b/scit) with NFSS spec.:
(fontspec)             <->"Times New
(fontspec)             Roman/BI/OT:script=latn;language=dflt;+smcp;mapping=tex-text;"

\c@figen=\count422
\cftbeforefigenskip=\skip152
\cftfigenindent=\skip153
\cftfigennumwidth=\skip154
\c@fendepth=\count423
\cftbeforefentitleskip=\skip155
\cftafterfentitleskip=\skip156
\tempbox=\box78
\c@tblen=\count424
\cftbeforetblenskip=\skip157
\cfttblenindent=\skip158
\cfttblennumwidth=\skip159
\c@tendepth=\count425
\cftbeforetentitleskip=\skip160
\cftaftertentitleskip=\skip161
\c@algoen=\count426
\cftbeforealgoenskip=\skip162
\cftalgoenindent=\skip163
\cftalgoennumwidth=\skip164
\c@aendepth=\count427
\cftbeforeaentitleskip=\skip165
\cftafteraentitleskip=\skip166
) (./setup/format.tex
\c@currdefinitionctr=\count428
\c@enddefinitionctr=\count429
\c@definition=\count430
\c@currexamplectr=\count431
\c@endexamplectr=\count432
\c@example=\count433
\c@curralgoctr=\count434
\c@endalgoctr=\count435
\c@algo=\count436
\c@currtheoremctr=\count437
\c@endtheoremctr=\count438
\c@theorem=\count439
\c@curraxiomctr=\count440
\c@endaxiomctr=\count441
\c@axiom=\count442
\c@currpropositionctr=\count443
\c@endpropositionctr=\count444
\c@proposition=\count445
\c@currlemmactr=\count446
\c@endlemmactr=\count447
\c@lemma=\count448
\c@currcorollaryctr=\count449
\c@endcorollaryctr=\count450
\c@corollary=\count451
\c@currremarkctr=\count452
\c@endremarkctr=\count453
\c@remark=\count454
 (./gb_452_UTF8.cpx
File: GB.cap 2003/05/18 4.5.2for Standard LaTeX document class
)

Package fancyhdr Warning: \fancyhead's `E' option without twoside option is useless.
(fancyhdr)                Please consider using the `twoside' option on input line 227.

\AphorismAuthor=\box79
\c@hitctr=\count455
\c@pubctr=\count456
\lengthofxuehao=\skip167
) (./preface/cover.tex

Package fontspec Info: Could not resolve font "SimHei/BI" (it probably doesn't
(fontspec)             exist).


Package fontspec Info: Could not resolve font "SimHei/B" (it probably doesn't
(fontspec)             exist).


Package fontspec Info: Could not resolve font "SimHei/I" (it probably doesn't
(fontspec)             exist).


Package fontspec Info: Font family 'SimHei(0)' created for font 'SimHei' with
(fontspec)             options [Mapping=tex-text,Script={CJK}].
(fontspec)              
(fontspec)              This font family consists of the following NFSS
(fontspec)             series/shapes:
(fontspec)              
(fontspec)             - 'normal' (m/n) with NFSS spec.:
(fontspec)             <->"SimHei/OT:script=hani;language=dflt;mapping=tex-text;"
(fontspec)             - 'small caps'  (m/sc) with NFSS spec.: 

LaTeX Font Info:    Calculating math sizes for size <10.5> on input line 127.
LaTeX Font Info:    Trying to load font information for U+rsfs on input line 127.
 (e:/texlive/2023/texmf-dist/tex/latex/jknapltx/ursfs.fd
File: ursfs.fd 1998/03/24 rsfs font definition file (jk)
)

LaTeX Font Warning: Font shape `U/rsfs/m/n' in size <10.5> not available
(Font)              size <10.95> substituted on input line 127.


Package fontspec Info: Could not resolve font "SimSun/BI" (it probably doesn't
(fontspec)             exist).


Package fontspec Info: Could not resolve font "SimSun/B" (it probably doesn't
(fontspec)             exist).


Package fontspec Info: Could not resolve font "SimSun/I" (it probably doesn't
(fontspec)             exist).


Package fontspec Info: Font family 'SimSun(1)' created for font 'SimSun' with
(fontspec)             options [Mapping=tex-text,Script={CJK}].
(fontspec)              
(fontspec)              This font family consists of the following NFSS
(fontspec)             series/shapes:
(fontspec)              
(fontspec)             - 'normal' (m/n) with NFSS spec.:
(fontspec)             <->"SimSun/OT:script=hani;language=dflt;mapping=tex-text;"
(fontspec)             - 'small caps'  (m/sc) with NFSS spec.: 

LaTeX Font Info:    Calculating math sizes for size <24> on input line 127.

LaTeX Font Warning: Font shape `U/rsfs/m/n' in size <24> not available
(Font)              size <24.88> substituted on input line 127.


LaTeX Font Warning: Font shape `U/rsfs/m/n' in size <16.79993> not available
(Font)              size <17.28> substituted on input line 127.


Overfull \hbox (4.99997pt too wide) in paragraph at lines 127--127
[][] [] [] 
 []


Overfull \hbox (4.99997pt too wide) in paragraph at lines 127--127
[][] [] [] 
 []


Overfull \hbox (4.99997pt too wide) in paragraph at lines 127--127
[][] [] [] 
 []


Overfull \hbox (4.99997pt too wide) in paragraph at lines 127--127
[][] [] [] 
 []

[1



] [2]

Package fontspec Info: Could not resolve font "Microsoft YaHei Bold/I" (it
(fontspec)             probably doesn't exist).


Package fontspec Info: Could not resolve font "Microsoft YaHei/I" (it probably
(fontspec)             doesn't exist).


Package fontspec Info: Font family 'MicrosoftYaHei(0)' created for font
(fontspec)             'Microsoft YaHei' with options
(fontspec)             [Mapping=tex-text,Script={CJK},BoldFont={* Bold}].
(fontspec)              
(fontspec)              This font family consists of the following NFSS
(fontspec)             series/shapes:
(fontspec)              
(fontspec)             - 'normal' (m/n) with NFSS spec.: <->"Microsoft
(fontspec)             YaHei/OT:script=hani;language=dflt;mapping=tex-text;"
(fontspec)             - 'small caps'  (m/sc) with NFSS spec.: 
(fontspec)             - 'bold' (b/n) with NFSS spec.: <->"Microsoft YaHei
(fontspec)             Bold/OT:script=hani;language=dflt;mapping=tex-text;"
(fontspec)             - 'bold small caps'  (b/sc) with NFSS spec.: 
(fontspec)             - 'bold italic' (b/it) with NFSS spec.: <->"Microsoft
(fontspec)             YaHei/BI/OT:script=hani;language=dflt;mapping=tex-text;"
(fontspec)             - 'bold italic small caps'  (b/scit) with NFSS spec.: 

 [1


] [2


]) (./main.toc [3




] [4]

LaTeX Font Warning: Font shape `TU/SimHei(0)/b/n' undefined
(Font)              using `TU/SimHei(0)/m/n' instead on input line 85.

)
\tf@toc=\write4
\openout4 = `main.toc'.

 [5]
\openout2 = `body/Introduction.aux'.

 (./body/Introduction.tex
第{1}章

Package hyperref Warning: Token not allowed in a PDF string (Unicode):
(hyperref)                removing `math shift' on input line 12.


Package hyperref Warning: Token not allowed in a PDF string (Unicode):
(hyperref)                removing `subscript' on input line 12.


Package hyperref Warning: Token not allowed in a PDF string (Unicode):
(hyperref)                removing `\infty' on input line 12.


Package hyperref Warning: Token not allowed in a PDF string (Unicode):
(hyperref)                removing `math shift' on input line 12.

LaTeX Font Info:    Calculating math sizes for size <18> on input line 12.

LaTeX Font Warning: Font shape `U/rsfs/m/n' in size <18> not available
(Font)              size <17.28> substituted on input line 12.


LaTeX Font Warning: Font shape `U/rsfs/m/n' in size <12.59995> not available
(Font)              size <12> substituted on input line 12.

LaTeX Font Info:    Calculating math sizes for size <14> on input line 15.

Package hyperref Warning: Token not allowed in a PDF string (Unicode):
(hyperref)                removing `math shift' on input line 15.


Package hyperref Warning: Token not allowed in a PDF string (Unicode):
(hyperref)                removing `subscript' on input line 15.


Package hyperref Warning: Token not allowed in a PDF string (Unicode):
(hyperref)                removing `\infty' on input line 15.


Package hyperref Warning: Token not allowed in a PDF string (Unicode):
(hyperref)                removing `math shift' on input line 15.

[1



]
Underfull \hbox (badness 10000) in paragraph at lines 76--80
[][][] [] [][][][][][][][] [] [][][][][][][] [] [][][] [] [][][][][] [] [][][] [] [][] [] [][] [] [][] [] [][][][][][][][][] [] [][][][]$[] \TU/SimSun(1)/m/n/12 下
 []

[2] [3] [4] [5] [6]) [7]
\openout2 = `body/Tricks.aux'.

 (./body/Tricks.tex
第{2}章
[8




]
Underfull \hbox (badness 2707) in paragraph at lines 45--52
[]\TU/SimSun(1)/m/n/12 现 在 校 内 流 行 的  \TU/TimesNewRoman(0)/m/n/12 word \TU/SimSun(1)/m/n/12 模 板 最 初 是  \TU/TimesNewRoman(0)/m/n/12 Sun@hit \TU/SimSun(1)/m/n/12 几 年 前 做 的，|  后 来
 []


Underfull \hbox (badness 1303) in paragraph at lines 45--52
\TU/SimSun(1)/m/n/12 也 经 一 些 同 学 完 善，|  校 内  \TU/TimesNewRoman(0)/m/n/12 ftp \TU/SimSun(1)/m/n/12 可 以 下 载 到 的 是  \TU/TimesNewRoman(0)/m/n/12 2004 \TU/SimSun(1)/m/n/12 年 的 修 改 版，|  在
 []

[9] [10]
Underfull \hbox (badness 3758) in paragraph at lines 98--103
[]\TU/TimesNewRoman(0)/m/n/12 WindowsNT/2000/XP+CTeX\TU/SimSun(1)/m/n/12 ：| \TU/TimesNewRoman(0)/m/n/12 CTeX \TU/SimSun(1)/m/n/12 是 目 前 国 内 影 响 力 最 大 的 中
 []

[11] [12] [13]

Package fontspec Info: Could not resolve font "FangSong/BI" (it probably
(fontspec)             doesn't exist).


Package fontspec Info: Could not resolve font "FangSong/B" (it probably
(fontspec)             doesn't exist).


Package fontspec Info: Could not resolve font "FangSong/I" (it probably
(fontspec)             doesn't exist).


Package fontspec Info: Font family 'FangSong(0)' created for font 'FangSong'
(fontspec)             with options [Mapping=tex-text,Script={CJK}].
(fontspec)              
(fontspec)              This font family consists of the following NFSS
(fontspec)             series/shapes:
(fontspec)              
(fontspec)             - 'normal' (m/n) with NFSS spec.:
(fontspec)             <->"FangSong/OT:script=hani;language=dflt;mapping=tex-text;"
(fontspec)             - 'small caps'  (m/sc) with NFSS spec.: 


Overfull \hbox (120.78098pt too wide) in paragraph at lines 187--187
[]    \TU/lmtt/m/n/12 \def\oneortwoside{oneside} % \TU/FangSong(0)/m/n/12 定 义 单 双 面 打 印 ， 只 针 对 硕 士 学 位 论 文 进 行 单 面 打 印 有 效 ； [] 
 []


Overfull \hbox (157.86118pt too wide) in paragraph at lines 200--200
[]    \TU/lmtt/m/n/12 \def\usewhat{dvipdfmx}    %  \TU/FangSong(0)/m/n/12 你 喜 欢 哪 种 编 译 方 式 ， \TU/lmtt/m/n/12 pdflatex dvipdfmx dvipspdf xelatex yap[] 
 []

[14]
Underfull \hbox (badness 6428) in paragraph at lines 225--227
[]\TU/SimSun(1)/m/n/12 上 述 \TU/TimesNewRoman(0)/m/n/12 4 \TU/SimSun(1)/m/n/12 个 命 令 的 使 用 方 法 如 [][]\TU/lmtt/m/n/12 \BiChapter{\TU/FangSong(0)/m/n/12 中文标题\TU/lmtt/m/n/12 }{engish} []\TU/SimSun(1)/m/n/12 和
 []


Underfull \hbox (badness 10000) in paragraph at lines 228--232
[]\TU/SimSun(1)/m/n/12 另 外，|  更 新 过 的 [][]\TU/lmtt/m/n/12 \BiChapter []\TU/SimSun(1)/m/n/12 还 支 持 在 正 文 中 手
 []


Underfull \hbox (badness 10000) in paragraph at lines 228--232
\TU/SimSun(1)/m/n/12 动 换 行 或 自 动 换 行，|  在 目 录 中 自 动 换 行，|  使 用 格 式
 []


Underfull \hbox (badness 10000) in paragraph at lines 228--232
\TU/SimSun(1)/m/n/12 为 [][]\TU/lmtt/m/n/12 \BiChapter[\TU/FangSong(0)/m/n/12 放到目录中的\TU/lmtt/m/n/12 ]{\TU/FangSong(0)/m/n/12 长标题\TU/lmtt/m/n/12 \\\TU/FangSong(0)/m/n/12 手动换行\TU/lmtt/m/n/12 }{english title}[]\TU/SimSun(1)/m/n/12 。|
 []


Underfull \hbox (badness 3635) in paragraph at lines 233--234
[]\TU/SimSun(1)/m/n/12 对 于 附 录 中 没 有 章 标 号 的 章，|  如 结 论 等，|  也 定 义 了 一 个 相 应 的 命
 []

[15] [16] [17]
File: figures//golfer.pdf Graphic file (type pdf)
<use figures//golfer.pdf>
File: figures//golfer.pdf Graphic file (type pdf)
<use figures//golfer.pdf>
File: figures//golfer.pdf Graphic file (type pdf)
<use figures//golfer.pdf>


LaTeX Warning: Reference `Figure:Tricks:Example2' on page 18 undefined on input line 359.

File: figures//golfer.pdf Graphic file (type pdf)
<use figures//golfer.pdf>

Overfull \hbox (6.0pt too wide) in paragraph at lines 367--369
 [][] 
 []

File: figures//golfer.pdf Graphic file (type pdf)
<use figures//golfer.pdf>

Overfull \hbox (6.0pt too wide) in paragraph at lines 374--376
 [][] 
 []

Package hyperref Info: bookmark level for unknown subfigen defaults to 0 on input line 378.
File: figures//golfer.pdf Graphic file (type pdf)
<use figures//golfer.pdf>

Overfull \hbox (6.0pt too wide) in paragraph at lines 386--388
 [][] 
 []

File: figures//golfer.pdf Graphic file (type pdf)
<use figures//golfer.pdf>

Overfull \hbox (6.0pt too wide) in paragraph at lines 392--394
 [][] 
 []

File: figures//golfer.pdf Graphic file (type pdf)
<use figures//golfer.pdf>

Overfull \hbox (6.0pt too wide) in paragraph at lines 398--400
 [][] 
 []

File: figures//golfer.pdf Graphic file (type pdf)
<use figures//golfer.pdf>

Overfull \hbox (6.0pt too wide) in paragraph at lines 412--415
 [][] 
 []

File: figures//golfer.pdf Graphic file (type pdf)
<use figures//golfer.pdf>

Overfull \hbox (6.0pt too wide) in paragraph at lines 418--421
 [][] 
 []

File: figures//golfer.pdf Graphic file (type pdf)
<use figures//golfer.pdf>

Overfull \hbox (6.0pt too wide) in paragraph at lines 424--427
 [][] 
 []

File: figures//golfer.pdf Graphic file (type pdf)
<use figures//golfer.pdf>

Overfull \hbox (6.0pt too wide) in paragraph at lines 439--441
 [][] 
 []

File: figures//golfer.pdf Graphic file (type pdf)
<use figures//golfer.pdf>

Overfull \hbox (6.0pt too wide) in paragraph at lines 445--447
 [][] 
 []

File: figures//golfer.pdf Graphic file (type pdf)
<use figures//golfer.pdf>

Overfull \hbox (6.0pt too wide) in paragraph at lines 451--453
 [][] 
 []

[18]

LaTeX Warning: Text page 19 contains only floats.

[19] [20] [21]
Overfull \hbox (497.34245pt too wide) in paragraph at lines 481--487
[]\TU/SimSun(1)/m/n/12 对 于 长 表 格 的 中 英 文 标 题，|  采 用 [][]\TU/lmtt/m/n/12 \LTBiTocCaption{\TU/FangSong(0)/m/n/12 中文长表短标题 |（目录中）| \TU/lmtt/m/n/12 }{\TU/FangSong(0)/m/n/12 中文长表长标题 |（正文中）| \TU/lmtt/m/n/12 }{Table}{\TU/FangSong(0)/m/n/12 英文长表短标题 |（目录中）| \TU/lmtt/m/n/12 }{\TU/FangSong(0)/m/n/12 英文长表长标题 |（正文）| \TU/lmtt/m/n/12 }
 []

[22] [23]
Underfull \hbox (badness 3635) in paragraph at lines 539--540
[]\TU/SimSun(1)/m/n/12 算 法 环 境 中 右 侧 空 白 比 较 多，|  若 想 把 右 侧 的 空 白 框 减 小，|  可 以 采
 []


Underfull \hbox (badness 2351) in paragraph at lines 539--540
\TU/SimSun(1)/m/n/12 用 \TU/TimesNewRoman(0)/m/n/12 minipage \TU/SimSun(1)/m/n/12 环 境 实 现。|  把 \TU/TimesNewRoman(0)/m/n/12 algorithm \TU/SimSun(1)/m/n/12 环 境 放 到 \TU/TimesNewRoman(0)/m/n/12 minipage \TU/SimSun(1)/m/n/12 环 境 里 面，|  并
 []


Underfull \hbox (badness 3229) in paragraph at lines 539--540
\TU/SimSun(1)/m/n/12 般 不 需 要 进 行 这 种 处 理。|  算 法 图 题 可 有 可 无，|  若 有 中 英 文 图 题，|  请 使
 []

[24] [25] [26] [27]
Overfull \hbox (89.88097pt too wide) in paragraph at lines 680--680
[]\TU/lmtt/m/n/12 \BiChapter[ \TU/FangSong(0)/m/n/12 这 个 章 标 题 太 长 了 ， 需 要 换 行 怎 么 办 \TU/lmtt/m/n/12 ]{ \TU/FangSong(0)/m/n/12 这 个 章 标 题 太 长 了 \TU/lmtt/m/n/12 ,\\ \TU/FangSong(0)/m/n/12 需 要 换 行 怎 么 办 \TU/lmtt/m/n/12 } 
 []

[28]
Underfull \hbox (badness 1048) in paragraph at lines 724--727
\TU/TimesNewRoman(0)/b/n/12 A5\TU/SimSun(1)/m/n/12 ：|  原 来 用 两[][]\TU/lmtt/m/n/12 \hline[]\TU/SimSun(1)/m/n/12 的 地 方，|  现 在 用[][]\TU/lmtt/m/n/12 \toprule[]\TU/SimSun(1)/m/n/12 ，|  下 面 用[][]\TU/lmtt/m/n/12 \bottomrule[]\TU/SimSun(1)/m/n/12 ，|  或
 []


Underfull \hbox (badness 10000) in paragraph at lines 738--740
\TU/TimesNewRoman(0)/b/n/12 A9\TU/SimSun(1)/m/n/12 ：|  正 文 中 表 格 内 容 默 认 是 五 号 字，|  同 时 模 板 提 供 了 两 个 切 换 命
 []


Underfull \hbox (badness 2680) in paragraph at lines 738--740
\TU/SimSun(1)/m/n/12 令 [][]\TU/lmtt/m/n/12 \normalbiao \wuhaobiao[]\TU/SimSun(1)/m/n/12 ，|  前 者 表 示 命 令 之 后 的 表 格 没 有 字 体 限 定，|
 []

[29] [30]) [31]
\openout2 = `body/UpdateLog.aux'.

 (./body/UpdateLog.tex
第{3}章

Underfull \hbox (badness 1102) in paragraph at lines 19--20
\TU/SimSun(1)/m/n/12 年 \TU/TimesNewRoman(0)/m/n/12 2 \TU/SimSun(1)/m/n/12 月  []$[][][][] [] [] [] [][] [] [][] [] [][][] [] [][][] [] [][]$[] 出 现 故 障 暂 停 服 务，|  \TU/TimesNewRoman(0)/m/n/12 luckyfox \TU/SimSun(1)/m/n/12 将 项 目 迁 移
 []

[32




]

Package hyperref Warning: Token not allowed in a PDF string (Unicode):
(hyperref)                removing `math shift' on input line 52.


Package hyperref Warning: Token not allowed in a PDF string (Unicode):
(hyperref)                removing `\gamma' on input line 52.


Package hyperref Warning: Token not allowed in a PDF string (Unicode):
(hyperref)                removing `math shift' on input line 52.


Underfull \hbox (badness 10000) in paragraph at lines 56--57
[]\TU/SimSun(1)/m/n/12 对 于 没 有 章 标 号 的 章，|  如 结 论 等，|  定 义 了 一 个 相 应 的 命
 []

[33] [34] [35] [36] [37] [38]
Underfull \hbox (badness 10000) in paragraph at lines 240--241
[]\TU/SimSun(1)/m/n/12 子 图 形 英 文 标 题 用 法 更 改，|  由 [][]\TU/lmtt/m/n/12 \SubfigureCaption[]\TU/SimSun(1)/m/n/12 变
 []


Underfull \hbox (badness 2744) in paragraph at lines 240--241
\TU/SimSun(1)/m/n/12 成 [][]\TU/lmtt/m/n/12 \SubfigEnCaption[]\TU/SimSun(1)/m/n/12 ，|  并 修 正 此 命 令 解 决 由 此 带 来 的 鲁 棒 性 可 能 不 强
 []

[39] [40]

LaTeX Warning: First page is already shipped out, ignoring
               \AtBeginDvi on input line 302.

[41] [42] [43] [44] [45]) [46]
\openout2 = `body/ToTemplateMaintainers.aux'.

 (./body/ToTemplateMaintainers.tex
第{4}章
File: figures//golfer.pdf Graphic file (type pdf)
<use figures//golfer.pdf>
File: figures//golfer.pdf Graphic file (type pdf)
<use figures//golfer.pdf>
) [47




]
\openout2 = `body/copyright.aux'.

 (./body/copyright.tex
第{5}章
) [48




]
\openout2 = `body/conclusion.aux'.

 (./body/conclusion.tex) [49




] (./main.bbl) [50



]
\openout2 = `appendix/acknowledgements.aux'.

 (./appendix/acknowledgements.tex) [51


]
\openout2 = `appendix/appA.aux'.

 (./appendix/appA.tex
\relax \relax 附录\nobreakspace {}A
File: figures//golfer.pdf Graphic file (type pdf)
<use figures//golfer.pdf>
) [52




]
\tf@thm=\write5
\openout5 = `main.thm'.

 (./main.aux (./body/Introduction.aux) (./body/Tricks.aux) (./body/UpdateLog.aux) (./body/ToTemplateMaintainers.aux) (./body/copyright.aux) (./body/conclusion.aux) (./appendix/acknowledgements.aux) (./appendix/appA.aux))

LaTeX Font Warning: Size substitutions with differences
(Font)              up to 0.88pt have occurred.


LaTeX Font Warning: Some font shapes were not available, defaults substituted.


LaTeX Warning: There were undefined references.

Package rerunfilecheck Info: File `main.out' has not changed.
(rerunfilecheck)             Checksum: 4B4B6D73DC6EF37A91D0734BC27D2AF6;12976.
 ) 
Here is how much of TeX's memory you used:
 22197 strings out of 476683
 472072 string characters out of 5807575
 1875012 words of memory out of 5000000
 41897 multiletter control sequences out of 15000+600000
 545897 words of font info for 242 fonts, out of 8000000 for 9000
 1348 hyphenation exceptions out of 8191
 94i,14n,101p,506b,1015s stack positions out of 10000i,1000n,20000p,200000b,200000s

Output written on main.pdf (59 pages).
